#
# There is insufficient memory for the Java Runtime Environment to continue.
# Native memory allocation (malloc) failed to allocate 817376 bytes for Chunk::new
# Possible reasons:
#   The system is out of physical RAM or swap space
#   The process is running with CompressedOops enabled, and the Java Heap may be blocking the growth of the native heap
# Possible solutions:
#   Reduce memory load on the system
#   Increase physical memory or swap space
#   Check if swap backing store is full
#   Decrease Java heap size (-Xmx/-Xms)
#   Decrease number of Java threads
#   Decrease Java thread stack sizes (-Xss)
#   Set larger code cache with -XX:ReservedCodeCacheSize=
#   JVM is running with Zero Based Compressed Oops mode in which the Java heap is
#     placed in the first 32GB address space. The Java Heap base address is the
#     maximum limit for the native heap growth. Please use -XX:HeapBaseMinAddress
#     to set the Java Heap base and to place the Java Heap above 32GB virtual address.
# This output file may be truncated or incomplete.
#
#  Out of Memory Error (arena.cpp:191), pid=21396, tid=16144
#
# JRE version: OpenJDK Runtime Environment Temurin-17.0.9+9 (17.0.9+9) (build 17.0.9+9)
# Java VM: OpenJDK 64-Bit Server VM Temurin-17.0.9+9 (17.0.9+9, mixed mode, sharing, tiered, compressed oops, compressed class ptrs, g1 gc, windows-amd64)
# No core dump will be written. Minidumps are not enabled by default on client versions of Windows
#

---------------  S U M M A R Y ------------

Command Line: -XX:+ShowCodeDetailsInExceptionMessages com.wsserver.pbl4.Pbl4Application

Host: 11th Gen Intel(R) Core(TM) i5-1135G7 @ 2.40GHz, 8 cores, 15G,  Windows 11 , 64 bit Build 22621 (10.0.22621.3958)
Time: Fri Nov 15 18:44:42 2024 SE Asia Standard Time elapsed time: 504.178957 seconds (0d 0h 8m 24s)

---------------  T H R E A D  ---------------

Current thread (0x0000027078a05b70):  JavaThread "C2 CompilerThread0" daemon [_thread_in_native, id=16144, stack(0x000000ac18700000,0x000000ac18800000)]


Current CompileTask:
C2: 504179 11076       4       org.springframework.data.mongodb.core.MongoTemplate::doFind (172 bytes)

Stack: [0x000000ac18700000,0x000000ac18800000]
Native frames: (J=compiled Java code, j=interpreted, Vv=VM code, C=native code)
V  [jvm.dll+0x67cf49]
V  [jvm.dll+0x83478a]
V  [jvm.dll+0x83624e]
V  [jvm.dll+0x8368b3]
V  [jvm.dll+0x247f1f]
V  [jvm.dll+0xac43c]
V  [jvm.dll+0xaca8c]
V  [jvm.dll+0x2af45f]
V  [jvm.dll+0x5853f7]
V  [jvm.dll+0x222f62]
V  [jvm.dll+0x21c002]
V  [jvm.dll+0x2198c1]
V  [jvm.dll+0x1a57cd]
V  [jvm.dll+0x2297ae]
V  [jvm.dll+0x22797c]
V  [jvm.dll+0x7e9877]
V  [jvm.dll+0x7e3c3a]
V  [jvm.dll+0x67be35]
C  [ucrtbase.dll+0x29333]
C  [KERNEL32.DLL+0x1257d]
C  [ntdll.dll+0x5af08]


---------------  P R O C E S S  ---------------

Threads class SMR info:
_java_thread_list=0x000002707f8e0890, length=34, elements={
0x00000270789e6e60, 0x00000270789e7a20, 0x00000270789fc820, 0x00000270789fd3e0,
0x0000027078a025d0, 0x0000027078a02f90, 0x0000027078a05b70, 0x0000027078a06620,
0x0000027078a08750, 0x0000027078b474a0, 0x0000027078b49460, 0x000002707eb488a0,
0x0000027041a60820, 0x000002707f006020, 0x000002707e60ded0, 0x000002707e60e3e0,
0x000002707e60f820, 0x000002707e60cfa0, 0x000002707e60e8f0, 0x000002707e60f310,
0x000002707e60d4b0, 0x000002707e60c070, 0x000002707e60c580, 0x000002707e60ca90,
0x00000270428e1ae0, 0x00000270428e3430, 0x00000270428e6be0, 0x00000270428e5cb0,
0x00000270428e57a0, 0x00000270428e70f0, 0x00000270428e10c0, 0x00000270428e1ff0,
0x0000027041f0e050, 0x0000027041f0f9a0
}

Java Threads: ( => current thread )
  0x00000270789e6e60 JavaThread "Reference Handler" daemon [_thread_blocked, id=14276, stack(0x000000ac18100000,0x000000ac18200000)]
  0x00000270789e7a20 JavaThread "Finalizer" daemon [_thread_blocked, id=9240, stack(0x000000ac18200000,0x000000ac18300000)]
  0x00000270789fc820 JavaThread "Signal Dispatcher" daemon [_thread_blocked, id=11288, stack(0x000000ac18300000,0x000000ac18400000)]
  0x00000270789fd3e0 JavaThread "Attach Listener" daemon [_thread_blocked, id=14048, stack(0x000000ac18400000,0x000000ac18500000)]
  0x0000027078a025d0 JavaThread "Service Thread" daemon [_thread_blocked, id=8248, stack(0x000000ac18500000,0x000000ac18600000)]
  0x0000027078a02f90 JavaThread "Monitor Deflation Thread" daemon [_thread_blocked, id=19216, stack(0x000000ac18600000,0x000000ac18700000)]
=>0x0000027078a05b70 JavaThread "C2 CompilerThread0" daemon [_thread_in_native, id=16144, stack(0x000000ac18700000,0x000000ac18800000)]
  0x0000027078a06620 JavaThread "C1 CompilerThread0" daemon [_thread_blocked, id=18228, stack(0x000000ac18800000,0x000000ac18900000)]
  0x0000027078a08750 JavaThread "Sweeper thread" daemon [_thread_blocked, id=20208, stack(0x000000ac18900000,0x000000ac18a00000)]
  0x0000027078b474a0 JavaThread "Notification Thread" daemon [_thread_blocked, id=21528, stack(0x000000ac18a00000,0x000000ac18b00000)]
  0x0000027078b49460 JavaThread "Common-Cleaner" daemon [_thread_blocked, id=8300, stack(0x000000ac18c00000,0x000000ac18d00000)]
  0x000002707eb488a0 JavaThread "Catalina-utility-1" [_thread_blocked, id=20760, stack(0x000000ac19800000,0x000000ac19900000)]
  0x0000027041a60820 JavaThread "Catalina-utility-2" [_thread_blocked, id=2236, stack(0x000000ac19900000,0x000000ac19a00000)]
  0x000002707f006020 JavaThread "container-0" [_thread_blocked, id=18356, stack(0x000000ac19a00000,0x000000ac19b00000)]
  0x000002707e60ded0 JavaThread "BufferPoolPruner-1-thread-1" daemon [_thread_blocked, id=13164, stack(0x000000ac19b00000,0x000000ac19c00000)]
  0x000002707e60e3e0 JavaThread "cluster-ClusterId{value='673732345d0e0747e0597cee', description='null'}-192.168.1.6:27017" daemon [_thread_in_native, id=22364, stack(0x000000ac19c00000,0x000000ac19d00000)]
  0x000002707e60f820 JavaThread "cluster-rtt-ClusterId{value='673732345d0e0747e0597cee', description='null'}-192.168.1.6:27017" daemon [_thread_blocked, id=8512, stack(0x000000ac19d00000,0x000000ac19e00000)]
  0x000002707e60cfa0 JavaThread "MaintenanceTimer-2-thread-1" daemon [_thread_blocked, id=5564, stack(0x000000ac19f00000,0x000000ac1a000000)]
  0x000002707e60e8f0 JavaThread "MessageBroker-1" [_thread_blocked, id=2496, stack(0x000000ac1a000000,0x000000ac1a100000)]
  0x000002707e60f310 JavaThread "http-nio-0.0.0.0-8080-exec-1" daemon [_thread_blocked, id=4932, stack(0x000000ac1a100000,0x000000ac1a200000)]
  0x000002707e60d4b0 JavaThread "http-nio-0.0.0.0-8080-exec-2" daemon [_thread_blocked, id=5552, stack(0x000000ac1a200000,0x000000ac1a300000)]
  0x000002707e60c070 JavaThread "http-nio-0.0.0.0-8080-exec-3" daemon [_thread_blocked, id=20048, stack(0x000000ac1a300000,0x000000ac1a400000)]
  0x000002707e60c580 JavaThread "http-nio-0.0.0.0-8080-exec-4" daemon [_thread_blocked, id=7192, stack(0x000000ac1a400000,0x000000ac1a500000)]
  0x000002707e60ca90 JavaThread "http-nio-0.0.0.0-8080-exec-5" daemon [_thread_blocked, id=21952, stack(0x000000ac1a500000,0x000000ac1a600000)]
  0x00000270428e1ae0 JavaThread "http-nio-0.0.0.0-8080-exec-6" daemon [_thread_blocked, id=16128, stack(0x000000ac1a600000,0x000000ac1a700000)]
  0x00000270428e3430 JavaThread "http-nio-0.0.0.0-8080-exec-7" daemon [_thread_blocked, id=20500, stack(0x000000ac1a700000,0x000000ac1a800000)]
  0x00000270428e6be0 JavaThread "http-nio-0.0.0.0-8080-exec-8" daemon [_thread_blocked, id=19332, stack(0x000000ac1a800000,0x000000ac1a900000)]
  0x00000270428e5cb0 JavaThread "http-nio-0.0.0.0-8080-exec-9" daemon [_thread_blocked, id=10920, stack(0x000000ac1a900000,0x000000ac1aa00000)]
  0x00000270428e57a0 JavaThread "http-nio-0.0.0.0-8080-exec-10" daemon [_thread_blocked, id=16036, stack(0x000000ac1aa00000,0x000000ac1ab00000)]
  0x00000270428e70f0 JavaThread "http-nio-0.0.0.0-8080-Poller" daemon [_thread_in_native, id=11108, stack(0x000000ac1ab00000,0x000000ac1ac00000)]
  0x00000270428e10c0 JavaThread "http-nio-0.0.0.0-8080-Acceptor" daemon [_thread_in_native, id=14100, stack(0x000000ac1ac00000,0x000000ac1ad00000)]
  0x00000270428e1ff0 JavaThread "DestroyJavaVM" [_thread_blocked, id=20132, stack(0x000000ac17a00000,0x000000ac17b00000)]
  0x0000027041f0e050 JavaThread "MessageBroker-2" [_thread_blocked, id=22452, stack(0x000000ac17700000,0x000000ac17800000)]
  0x0000027041f0f9a0 JavaThread "WebSocket background processing" daemon [_thread_blocked, id=11876, stack(0x000000ac18d00000,0x000000ac18e00000)]

Other Threads:
  0x00000270789e3780 VMThread "VM Thread" [stack: 0x000000ac18000000,0x000000ac18100000] [id=6736]
  0x0000027078b485a0 WatcherThread [stack: 0x000000ac18b00000,0x000000ac18c00000] [id=4632]
  0x0000027055c166b0 GCTaskThread "GC Thread#0" [stack: 0x000000ac17b00000,0x000000ac17c00000] [id=22484]
  0x000002707dd67900 GCTaskThread "GC Thread#1" [stack: 0x000000ac18e00000,0x000000ac18f00000] [id=19804]
  0x000002707dc10880 GCTaskThread "GC Thread#2" [stack: 0x000000ac18f00000,0x000000ac19000000] [id=12212]
  0x000002707e08a490 GCTaskThread "GC Thread#3" [stack: 0x000000ac19000000,0x000000ac19100000] [id=8304]
  0x000002707e08a750 GCTaskThread "GC Thread#4" [stack: 0x000000ac19100000,0x000000ac19200000] [id=17592]
  0x000002707e503a20 GCTaskThread "GC Thread#5" [stack: 0x000000ac19200000,0x000000ac19300000] [id=5696]
  0x000002707e349420 GCTaskThread "GC Thread#6" [stack: 0x000000ac19400000,0x000000ac19500000] [id=4128]
  0x000002707dc471f0 GCTaskThread "GC Thread#7" [stack: 0x000000ac19500000,0x000000ac19600000] [id=18748]
  0x0000027055c248e0 ConcurrentGCThread "G1 Main Marker" [stack: 0x000000ac17c00000,0x000000ac17d00000] [id=11976]
  0x0000027055c25300 ConcurrentGCThread "G1 Conc#0" [stack: 0x000000ac17d00000,0x000000ac17e00000] [id=13948]
  0x000002707eaa15b0 ConcurrentGCThread "G1 Conc#1" [stack: 0x000000ac19300000,0x000000ac19400000] [id=10356]
  0x000002707601a3d0 ConcurrentGCThread "G1 Refine#0" [stack: 0x000000ac17e00000,0x000000ac17f00000] [id=20160]
  0x000002707f08d020 ConcurrentGCThread "G1 Refine#1" [stack: 0x000000ac19700000,0x000000ac19800000] [id=21436]
  0x0000027055c3d130 ConcurrentGCThread "G1 Service" [stack: 0x000000ac17f00000,0x000000ac18000000] [id=19044]

Threads with active compile tasks:
C2 CompilerThread0   504203 11076       4       org.springframework.data.mongodb.core.MongoTemplate::doFind (172 bytes)

VM state: not at safepoint (normal execution)

VM Mutex/Monitor currently owned by a thread: None

Heap address: 0x0000000704400000, size: 4028 MB, Compressed Oops mode: Zero based, Oop shift amount: 3

CDS archive(s) mapped at: [0x0000027000000000-0x0000027000ba0000-0x0000027000ba0000), size 12189696, SharedBaseAddress: 0x0000027000000000, ArchiveRelocationMode: 1.
Compressed class space mapped at: 0x0000027001000000-0x0000027041000000, reserved size: 1073741824
Narrow klass base: 0x0000027000000000, Narrow klass shift: 0, Narrow klass range: 0x100000000

GC Precious Log:
 CPUs: 8 total, 8 available
 Memory: 16106M
 Large Page Support: Disabled
 NUMA Support: Disabled
 Compressed Oops: Enabled (Zero based)
 Heap Region Size: 2M
 Heap Min Capacity: 8M
 Heap Initial Capacity: 252M
 Heap Max Capacity: 4028M
 Pre-touch: Disabled
 Parallel Workers: 8
 Concurrent Workers: 2
 Concurrent Refinement Workers: 8
 Periodic GC: Disabled

Heap:
 garbage-first heap   total 75776K, used 40566K [0x0000000704400000, 0x0000000800000000)
  region size 2048K, 11 young (22528K), 1 survivors (2048K)
 Metaspace       used 47447K, committed 48000K, reserved 1114112K
  class space    used 5811K, committed 6080K, reserved 1048576K

Heap Regions: E=young(eden), S=young(survivor), O=old, HS=humongous(starts), HC=humongous(continues), CS=collection set, F=free, OA=open archive, CA=closed archive, TAMS=top-at-mark-start (previous, next)
|   0|0x0000000704400000, 0x0000000704600000, 0x0000000704600000|100%| O|  |TAMS 0x0000000704600000, 0x0000000704400000| Untracked 
|   1|0x0000000704600000, 0x0000000704800000, 0x0000000704800000|100%| O|  |TAMS 0x0000000704800000, 0x0000000704600000| Untracked 
|   2|0x0000000704800000, 0x0000000704a00000, 0x0000000704a00000|100%| O|  |TAMS 0x0000000704800000, 0x0000000704800000| Untracked 
|   3|0x0000000704a00000, 0x0000000704c00000, 0x0000000704c00000|100%| O|  |TAMS 0x0000000704c00000, 0x0000000704a00000| Untracked 
|   4|0x0000000704c00000, 0x0000000704e00000, 0x0000000704e00000|100%| O|  |TAMS 0x0000000704e00000, 0x0000000704c00000| Untracked 
|   5|0x0000000704e00000, 0x0000000705000000, 0x0000000705000000|100%| O|  |TAMS 0x0000000705000000, 0x0000000704e00000| Untracked 
|   6|0x0000000705000000, 0x0000000705200000, 0x0000000705200000|100%| O|  |TAMS 0x0000000705200000, 0x0000000705000000| Untracked 
|   7|0x0000000705200000, 0x0000000705200000, 0x0000000705400000|  0%| F|  |TAMS 0x0000000705200000, 0x0000000705200000| Untracked 
|   8|0x0000000705400000, 0x0000000705600000, 0x0000000705600000|100%| O|  |TAMS 0x0000000705400000, 0x0000000705400000| Untracked 
|   9|0x0000000705600000, 0x0000000705800000, 0x0000000705800000|100%| O|  |TAMS 0x0000000705600000, 0x0000000705600000| Untracked 
|  10|0x0000000705800000, 0x0000000705a00000, 0x0000000705a00000|100%| O|  |TAMS 0x0000000705800000, 0x0000000705800000| Untracked 
|  11|0x0000000705a00000, 0x0000000705b94a00, 0x0000000705c00000| 79%| O|  |TAMS 0x0000000705a00000, 0x0000000705a00000| Untracked 
|  12|0x0000000705c00000, 0x0000000705c00000, 0x0000000705e00000|  0%| F|  |TAMS 0x0000000705c00000, 0x0000000705c00000| Untracked 
|  13|0x0000000705e00000, 0x0000000705e00000, 0x0000000706000000|  0%| F|  |TAMS 0x0000000705e00000, 0x0000000705e00000| Untracked 
|  14|0x0000000706000000, 0x0000000706000000, 0x0000000706200000|  0%| F|  |TAMS 0x0000000706000000, 0x0000000706000000| Untracked 
|  15|0x0000000706200000, 0x0000000706209120, 0x0000000706400000|  1%| S|CS|TAMS 0x0000000706200000, 0x0000000706200000| Complete 
|  16|0x0000000706400000, 0x0000000706400000, 0x0000000706600000|  0%| F|  |TAMS 0x0000000706400000, 0x0000000706400000| Untracked 
|  17|0x0000000706600000, 0x0000000706600000, 0x0000000706800000|  0%| F|  |TAMS 0x0000000706600000, 0x0000000706600000| Untracked 
|  18|0x0000000706800000, 0x0000000706800000, 0x0000000706a00000|  0%| F|  |TAMS 0x0000000706800000, 0x0000000706800000| Untracked 
|  19|0x0000000706a00000, 0x0000000706a00000, 0x0000000706c00000|  0%| F|  |TAMS 0x0000000706a00000, 0x0000000706a00000| Untracked 
|  20|0x0000000706c00000, 0x0000000706c00000, 0x0000000706e00000|  0%| F|  |TAMS 0x0000000706c00000, 0x0000000706c00000| Untracked 
|  21|0x0000000706e00000, 0x0000000706e00000, 0x0000000707000000|  0%| F|  |TAMS 0x0000000706e00000, 0x0000000706e00000| Untracked 
|  22|0x0000000707000000, 0x0000000707000000, 0x0000000707200000|  0%| F|  |TAMS 0x0000000707000000, 0x0000000707000000| Untracked 
|  23|0x0000000707200000, 0x0000000707200000, 0x0000000707400000|  0%| F|  |TAMS 0x0000000707200000, 0x0000000707200000| Untracked 
|  24|0x0000000707400000, 0x0000000707400000, 0x0000000707600000|  0%| F|  |TAMS 0x0000000707400000, 0x0000000707400000| Untracked 
|  25|0x0000000707600000, 0x0000000707600000, 0x0000000707800000|  0%| F|  |TAMS 0x0000000707600000, 0x0000000707600000| Untracked 
|  26|0x0000000707800000, 0x0000000707800000, 0x0000000707a00000|  0%| F|  |TAMS 0x0000000707800000, 0x0000000707800000| Untracked 
|  27|0x0000000707a00000, 0x0000000707ac9ca0, 0x0000000707c00000| 39%| E|  |TAMS 0x0000000707a00000, 0x0000000707a00000| Complete 
|  28|0x0000000707c00000, 0x0000000707e00000, 0x0000000707e00000|100%| E|CS|TAMS 0x0000000707c00000, 0x0000000707c00000| Complete 
|  29|0x0000000707e00000, 0x0000000708000000, 0x0000000708000000|100%| E|CS|TAMS 0x0000000707e00000, 0x0000000707e00000| Complete 
|  30|0x0000000708000000, 0x0000000708200000, 0x0000000708200000|100%| E|CS|TAMS 0x0000000708000000, 0x0000000708000000| Complete 
|  31|0x0000000708200000, 0x0000000708400000, 0x0000000708400000|100%| E|CS|TAMS 0x0000000708200000, 0x0000000708200000| Complete 
|  32|0x0000000708400000, 0x0000000708600000, 0x0000000708600000|100%| E|CS|TAMS 0x0000000708400000, 0x0000000708400000| Complete 
|  61|0x000000070be00000, 0x000000070c000000, 0x000000070c000000|100%| E|CS|TAMS 0x000000070be00000, 0x000000070be00000| Complete 
|  62|0x000000070c000000, 0x000000070c200000, 0x000000070c200000|100%| E|CS|TAMS 0x000000070c000000, 0x000000070c000000| Complete 
|  63|0x000000070c200000, 0x000000070c400000, 0x000000070c400000|100%| E|CS|TAMS 0x000000070c200000, 0x000000070c200000| Complete 
| 125|0x0000000713e00000, 0x0000000714000000, 0x0000000714000000|100%| E|CS|TAMS 0x0000000713e00000, 0x0000000713e00000| Complete 

Card table byte_map: [0x000002706d1b0000,0x000002706d990000] _byte_map_base: 0x000002706998e000

Marking Bits (Prev, Next): (CMBitMap*) 0x0000027055c16cd0, (CMBitMap*) 0x0000027055c16d10
 Prev Bits: [0x000002706e170000, 0x0000027072060000)
 Next Bits: [0x0000027072060000, 0x0000027075f50000)

Polling page: 0x0000027055340000

Metaspace:

Usage:
  Non-class:     40.66 MB used.
      Class:      5.68 MB used.
       Both:     46.34 MB used.

Virtual space:
  Non-class space:       64.00 MB reserved,      40.94 MB ( 64%) committed,  1 nodes.
      Class space:        1.00 GB reserved,       5.94 MB ( <1%) committed,  1 nodes.
             Both:        1.06 GB reserved,      46.88 MB (  4%) committed. 

Chunk freelists:
   Non-Class:  6.75 MB
       Class:  9.94 MB
        Both:  16.69 MB

MaxMetaspaceSize: unlimited
CompressedClassSpaceSize: 1.00 GB
Initial GC threshold: 21.00 MB
Current GC threshold: 58.88 MB
CDS: on
MetaspaceReclaimPolicy: balanced
 - commit_granule_bytes: 65536.
 - commit_granule_words: 8192.
 - virtual_space_node_default_size: 8388608.
 - enlarge_chunks_in_place: 1.
 - new_chunks_are_fully_committed: 0.
 - uncommit_free_chunks: 1.
 - use_allocation_guard: 0.
 - handle_deallocations: 1.


Internal statistics:

num_allocs_failed_limit: 6.
num_arena_births: 896.
num_arena_deaths: 0.
num_vsnodes_births: 2.
num_vsnodes_deaths: 0.
num_space_committed: 750.
num_space_uncommitted: 0.
num_chunks_returned_to_freelist: 6.
num_chunks_taken_from_freelist: 2751.
num_chunk_merges: 6.
num_chunk_splits: 1844.
num_chunks_enlarged: 1322.
num_inconsistent_stats: 0.

CodeHeap 'non-profiled nmethods': size=120000Kb used=10988Kb max_used=10988Kb free=109012Kb
 bounds [0x0000027065170000, 0x0000027065c30000, 0x000002706c6a0000]
CodeHeap 'profiled nmethods': size=120000Kb used=15414Kb max_used=19860Kb free=104585Kb
 bounds [0x000002705d6a0000, 0x000002705ea10000, 0x0000027064bd0000]
CodeHeap 'non-nmethods': size=5760Kb used=1296Kb max_used=1397Kb free=4463Kb
 bounds [0x0000027064bd0000, 0x0000027064e40000, 0x0000027065170000]
 total_blobs=9392 nmethods=8790 adapters=513
 compilation: enabled
              stopped_count=0, restarted_count=0
 full_count=0

Compilation events (20 events):
Event: 503.199 Thread 0x0000027078a05b70 nmethod 11066 0x0000027065c19390 code [0x0000027065c19540, 0x0000027065c19788]
Event: 503.413 Thread 0x0000027078a05b70 11067       4       org.springframework.data.mongodb.repository.query.AbstractMongoQuery::applyAnnotatedCollationIfPresent (42 bytes)
Event: 503.420 Thread 0x0000027078a05b70 nmethod 11067 0x0000027065c19910 code [0x0000027065c19b20, 0x0000027065c1a1d8]
Event: 503.420 Thread 0x0000027078a05b70 11068       4       org.springframework.data.mongodb.repository.query.AbstractMongoQuery::applyHintIfPresent (24 bytes)
Event: 503.427 Thread 0x0000027078a05b70 nmethod 11068 0x0000027065c1aa90 code [0x0000027065c1ac80, 0x0000027065c1b138]
Event: 503.427 Thread 0x0000027078a05b70 11069       4       java.util.Optional::or (32 bytes)
Event: 503.477 Thread 0x0000027078a05b70 nmethod 11069 0x0000027065c1b710 code [0x0000027065c1ba00, 0x0000027065c1da40]
Event: 503.477 Thread 0x0000027078a05b70 11070       4       org.springframework.data.mongodb.core.ExecutableFindOperationSupport$ExecutableFindSupport::matching (31 bytes)
Event: 503.478 Thread 0x0000027078a05b70 nmethod 11070 0x0000027065c1ee10 code [0x0000027065c1efa0, 0x0000027065c1f0d8]
Event: 503.830 Thread 0x0000027078a05b70 11071       4       com.fasterxml.jackson.core.json.UTF8JsonGenerator::writeNull (11 bytes)
Event: 503.833 Thread 0x0000027078a05b70 nmethod 11071 0x0000027065c1f210 code [0x0000027065c1f3a0, 0x0000027065c1f678]
Event: 503.893 Thread 0x0000027078a05b70 11072       4       java.util.stream.Collectors$$Lambda$1063/0x00000270012c8ec8::get (8 bytes)
Event: 503.894 Thread 0x0000027078a05b70 nmethod 11072 0x0000027065c1f910 code [0x0000027065c1faa0, 0x0000027065c1fb98]
Event: 503.908 Thread 0x0000027078a05b70 11073   !   4       java.io.PrintStream::println (44 bytes)
Event: 503.953 Thread 0x0000027078a05b70 nmethod 11073 0x0000027065c1fc90 code [0x0000027065c1ff60, 0x0000027065c23110]
Event: 503.984 Thread 0x0000027078a05b70 11074       4       java.util.AbstractCollection::toString (89 bytes)
Event: 504.036 Thread 0x0000027078a05b70 nmethod 11074 0x0000027065c25210 code [0x0000027065c25480, 0x0000027065c27b28]
Event: 504.107 Thread 0x0000027078a05b70 11075       4       org.springframework.data.mongodb.core.EntityOperations::determineCollectionName (63 bytes)
Event: 504.128 Thread 0x0000027078a05b70 nmethod 11075 0x0000027065c29190 code [0x0000027065c29400, 0x0000027065c2a220]
Event: 504.128 Thread 0x0000027078a05b70 11076       4       org.springframework.data.mongodb.core.MongoTemplate::doFind (172 bytes)

GC Heap History (20 events):
Event: 463.374 GC heap before
{Heap before GC invocations=40 (full 0):
 garbage-first heap   total 75776K, used 63038K [0x0000000704400000, 0x0000000800000000)
  region size 2048K, 21 young (43008K), 1 survivors (2048K)
 Metaspace       used 47435K, committed 47936K, reserved 1114112K
  class space    used 5811K, committed 6080K, reserved 1048576K
}
Event: 463.375 GC heap after
{Heap after GC invocations=41 (full 0):
 garbage-first heap   total 75776K, used 22088K [0x0000000704400000, 0x0000000800000000)
  region size 2048K, 1 young (2048K), 1 survivors (2048K)
 Metaspace       used 47435K, committed 47936K, reserved 1114112K
  class space    used 5811K, committed 6080K, reserved 1048576K
}
Event: 464.352 GC heap before
{Heap before GC invocations=41 (full 0):
 garbage-first heap   total 75776K, used 63048K [0x0000000704400000, 0x0000000800000000)
  region size 2048K, 21 young (43008K), 1 survivors (2048K)
 Metaspace       used 47440K, committed 47936K, reserved 1114112K
  class space    used 5811K, committed 6080K, reserved 1048576K
}
Event: 464.353 GC heap after
{Heap after GC invocations=42 (full 0):
 garbage-first heap   total 75776K, used 22096K [0x0000000704400000, 0x0000000800000000)
  region size 2048K, 1 young (2048K), 1 survivors (2048K)
 Metaspace       used 47440K, committed 47936K, reserved 1114112K
  class space    used 5811K, committed 6080K, reserved 1048576K
}
Event: 465.491 GC heap before
{Heap before GC invocations=42 (full 0):
 garbage-first heap   total 75776K, used 63056K [0x0000000704400000, 0x0000000800000000)
  region size 2048K, 21 young (43008K), 1 survivors (2048K)
 Metaspace       used 47440K, committed 47936K, reserved 1114112K
  class space    used 5811K, committed 6080K, reserved 1048576K
}
Event: 465.492 GC heap after
{Heap after GC invocations=43 (full 0):
 garbage-first heap   total 75776K, used 22116K [0x0000000704400000, 0x0000000800000000)
  region size 2048K, 1 young (2048K), 1 survivors (2048K)
 Metaspace       used 47440K, committed 47936K, reserved 1114112K
  class space    used 5811K, committed 6080K, reserved 1048576K
}
Event: 467.120 GC heap before
{Heap before GC invocations=43 (full 0):
 garbage-first heap   total 75776K, used 63076K [0x0000000704400000, 0x0000000800000000)
  region size 2048K, 21 young (43008K), 1 survivors (2048K)
 Metaspace       used 47441K, committed 48000K, reserved 1114112K
  class space    used 5811K, committed 6080K, reserved 1048576K
}
Event: 467.121 GC heap after
{Heap after GC invocations=44 (full 0):
 garbage-first heap   total 75776K, used 22115K [0x0000000704400000, 0x0000000800000000)
  region size 2048K, 1 young (2048K), 1 survivors (2048K)
 Metaspace       used 47441K, committed 48000K, reserved 1114112K
  class space    used 5811K, committed 6080K, reserved 1048576K
}
Event: 499.087 GC heap before
{Heap before GC invocations=44 (full 0):
 garbage-first heap   total 75776K, used 63075K [0x0000000704400000, 0x0000000800000000)
  region size 2048K, 21 young (43008K), 1 survivors (2048K)
 Metaspace       used 47441K, committed 48000K, reserved 1114112K
  class space    used 5811K, committed 6080K, reserved 1048576K
}
Event: 499.088 GC heap after
{Heap after GC invocations=45 (full 0):
 garbage-first heap   total 75776K, used 22137K [0x0000000704400000, 0x0000000800000000)
  region size 2048K, 1 young (2048K), 1 survivors (2048K)
 Metaspace       used 47441K, committed 48000K, reserved 1114112K
  class space    used 5811K, committed 6080K, reserved 1048576K
}
Event: 500.049 GC heap before
{Heap before GC invocations=45 (full 0):
 garbage-first heap   total 75776K, used 63097K [0x0000000704400000, 0x0000000800000000)
  region size 2048K, 21 young (43008K), 1 survivors (2048K)
 Metaspace       used 47441K, committed 48000K, reserved 1114112K
  class space    used 5811K, committed 6080K, reserved 1048576K
}
Event: 500.050 GC heap after
{Heap after GC invocations=46 (full 0):
 garbage-first heap   total 75776K, used 22126K [0x0000000704400000, 0x0000000800000000)
  region size 2048K, 1 young (2048K), 1 survivors (2048K)
 Metaspace       used 47441K, committed 48000K, reserved 1114112K
  class space    used 5811K, committed 6080K, reserved 1048576K
}
Event: 500.962 GC heap before
{Heap before GC invocations=46 (full 0):
 garbage-first heap   total 75776K, used 63086K [0x0000000704400000, 0x0000000800000000)
  region size 2048K, 21 young (43008K), 1 survivors (2048K)
 Metaspace       used 47445K, committed 48000K, reserved 1114112K
  class space    used 5811K, committed 6080K, reserved 1048576K
}
Event: 500.963 GC heap after
{Heap after GC invocations=47 (full 0):
 garbage-first heap   total 75776K, used 22123K [0x0000000704400000, 0x0000000800000000)
  region size 2048K, 1 young (2048K), 1 survivors (2048K)
 Metaspace       used 47445K, committed 48000K, reserved 1114112K
  class space    used 5811K, committed 6080K, reserved 1048576K
}
Event: 501.866 GC heap before
{Heap before GC invocations=47 (full 0):
 garbage-first heap   total 75776K, used 63083K [0x0000000704400000, 0x0000000800000000)
  region size 2048K, 21 young (43008K), 1 survivors (2048K)
 Metaspace       used 47447K, committed 48000K, reserved 1114112K
  class space    used 5811K, committed 6080K, reserved 1048576K
}
Event: 501.866 GC heap after
{Heap after GC invocations=48 (full 0):
 garbage-first heap   total 75776K, used 22174K [0x0000000704400000, 0x0000000800000000)
  region size 2048K, 1 young (2048K), 1 survivors (2048K)
 Metaspace       used 47447K, committed 48000K, reserved 1114112K
  class space    used 5811K, committed 6080K, reserved 1048576K
}
Event: 502.756 GC heap before
{Heap before GC invocations=48 (full 0):
 garbage-first heap   total 75776K, used 63134K [0x0000000704400000, 0x0000000800000000)
  region size 2048K, 21 young (43008K), 1 survivors (2048K)
 Metaspace       used 47447K, committed 48000K, reserved 1114112K
  class space    used 5811K, committed 6080K, reserved 1048576K
}
Event: 502.756 GC heap after
{Heap after GC invocations=49 (full 0):
 garbage-first heap   total 75776K, used 22132K [0x0000000704400000, 0x0000000800000000)
  region size 2048K, 1 young (2048K), 1 survivors (2048K)
 Metaspace       used 47447K, committed 48000K, reserved 1114112K
  class space    used 5811K, committed 6080K, reserved 1048576K
}
Event: 503.737 GC heap before
{Heap before GC invocations=49 (full 0):
 garbage-first heap   total 75776K, used 61044K [0x0000000704400000, 0x0000000800000000)
  region size 2048K, 21 young (43008K), 1 survivors (2048K)
 Metaspace       used 47447K, committed 48000K, reserved 1114112K
  class space    used 5811K, committed 6080K, reserved 1048576K
}
Event: 503.738 GC heap after
{Heap after GC invocations=50 (full 0):
 garbage-first heap   total 75776K, used 22134K [0x0000000704400000, 0x0000000800000000)
  region size 2048K, 1 young (2048K), 1 survivors (2048K)
 Metaspace       used 47447K, committed 48000K, reserved 1114112K
  class space    used 5811K, committed 6080K, reserved 1048576K
}

Dll operation events (10 events):
Event: 0.006 Loaded shared library C:\Users\DELL\AppData\Local\Programs\Eclipse Adoptium\jdk-17.0.9.9-hotspot\bin\java.dll
Event: 0.024 Loaded shared library C:\Users\DELL\AppData\Local\Programs\Eclipse Adoptium\jdk-17.0.9.9-hotspot\bin\jsvml.dll
Event: 0.069 Loaded shared library C:\Users\DELL\AppData\Local\Programs\Eclipse Adoptium\jdk-17.0.9.9-hotspot\bin\net.dll
Event: 0.070 Loaded shared library C:\Users\DELL\AppData\Local\Programs\Eclipse Adoptium\jdk-17.0.9.9-hotspot\bin\nio.dll
Event: 0.074 Loaded shared library C:\Users\DELL\AppData\Local\Programs\Eclipse Adoptium\jdk-17.0.9.9-hotspot\bin\zip.dll
Event: 0.134 Loaded shared library C:\Users\DELL\AppData\Local\Programs\Eclipse Adoptium\jdk-17.0.9.9-hotspot\bin\verify.dll
Event: 0.141 Loaded shared library C:\Users\DELL\AppData\Local\Programs\Eclipse Adoptium\jdk-17.0.9.9-hotspot\bin\jimage.dll
Event: 1.015 Loaded shared library C:\Users\DELL\AppData\Local\Programs\Eclipse Adoptium\jdk-17.0.9.9-hotspot\bin\sunmscapi.dll
Event: 2.353 Loaded shared library C:\Users\DELL\AppData\Local\Programs\Eclipse Adoptium\jdk-17.0.9.9-hotspot\bin\management.dll
Event: 2.356 Loaded shared library C:\Users\DELL\AppData\Local\Programs\Eclipse Adoptium\jdk-17.0.9.9-hotspot\bin\management_ext.dll

Deoptimization events (20 events):
Event: 434.147 Thread 0x00000270428e57a0 Uncommon trap: trap_request=0xffffff45 fr.pc=0x0000027065aea8f8 relative=0x0000000000001658
Event: 434.147 Thread 0x00000270428e57a0 Uncommon trap: reason=unstable_if action=reinterpret pc=0x0000027065aea8f8 method=java.time.Duration.create(JI)Ljava/time/Duration; @ 6 c2
Event: 434.147 Thread 0x00000270428e57a0 DEOPT PACKING pc=0x0000027065aea8f8 sp=0x000000ac1aafd590
Event: 434.147 Thread 0x00000270428e57a0 DEOPT UNPACKING pc=0x0000027064c2a1a3 sp=0x000000ac1aafd200 mode 2
Event: 452.732 Thread 0x00000270428e5cb0 Uncommon trap: trap_request=0xffffff45 fr.pc=0x00000270657e9698 relative=0x0000000000000098
Event: 452.732 Thread 0x00000270428e5cb0 Uncommon trap: reason=unstable_if action=reinterpret pc=0x00000270657e9698 method=sun.util.calendar.ZoneInfo.getOffsets(J[II)I @ 4 c2
Event: 452.732 Thread 0x00000270428e5cb0 DEOPT PACKING pc=0x00000270657e9698 sp=0x000000ac1a9fdb70
Event: 452.732 Thread 0x00000270428e5cb0 DEOPT UNPACKING pc=0x0000027064c2a1a3 sp=0x000000ac1a9fdac0 mode 2
Event: 452.732 Thread 0x00000270428e5cb0 Uncommon trap: trap_request=0xffffff45 fr.pc=0x0000027065a6ff70 relative=0x0000000000000f70
Event: 452.732 Thread 0x00000270428e5cb0 Uncommon trap: reason=unstable_if action=reinterpret pc=0x0000027065a6ff70 method=sun.util.calendar.BaseCalendar$Date.hit(J)Z @ 15 c2
Event: 452.732 Thread 0x00000270428e5cb0 DEOPT PACKING pc=0x0000027065a6ff70 sp=0x000000ac1a9fdbb0
Event: 452.732 Thread 0x00000270428e5cb0 DEOPT UNPACKING pc=0x0000027064c2a1a3 sp=0x000000ac1a9fd970 mode 2
Event: 452.732 Thread 0x00000270428e5cb0 Uncommon trap: trap_request=0xffffff45 fr.pc=0x0000027065aac130 relative=0x00000000000001f0
Event: 452.732 Thread 0x00000270428e5cb0 Uncommon trap: reason=unstable_if action=reinterpret pc=0x0000027065aac130 method=java.util.Calendar.setTimeInMillis(J)V @ 6 c2
Event: 452.732 Thread 0x00000270428e5cb0 DEOPT PACKING pc=0x0000027065aac130 sp=0x000000ac1a9fddc0
Event: 452.732 Thread 0x00000270428e5cb0 DEOPT UNPACKING pc=0x0000027064c2a1a3 sp=0x000000ac1a9fdd60 mode 2
Event: 453.571 Thread 0x000002707e60d4b0 Uncommon trap: trap_request=0xffffffcc fr.pc=0x0000027065b96f74 relative=0x0000000000000154
Event: 453.571 Thread 0x000002707e60d4b0 Uncommon trap: reason=intrinsic_or_type_checked_inlining action=make_not_entrant pc=0x0000027065b96f74 method=java.util.ArrayList$SubList.toArray([Ljava/lang/Object;)[Ljava/lang/Object; @ 58 c2
Event: 453.571 Thread 0x000002707e60d4b0 DEOPT PACKING pc=0x0000027065b96f74 sp=0x000000ac1a2fd3e0
Event: 453.571 Thread 0x000002707e60d4b0 DEOPT UNPACKING pc=0x0000027064c2a1a3 sp=0x000000ac1a2fd380 mode 2

Classes unloaded (0 events):
No events

Classes redefined (0 events):
No events

Internal exceptions (20 events):
Event: 4.792 Thread 0x00000270428e7b10 Exception <a 'java/lang/NoSuchMethodError'{0x00000007065cb6e8}: 'java.lang.Object java.lang.invoke.DirectMethodHandle$Holder.newInvokeSpecial(java.lang.Object, java.lang.Object, java.lang.Object, long)'> (0x00000007065cb6e8) 
thrown [s\src\hotspot\share\interpreter\linkResolver.cpp, line 759]
Event: 4.792 Thread 0x00000270428e7b10 Exception <a 'java/lang/NoSuchMethodError'{0x00000007065cf770}: 'java.lang.Object java.lang.invoke.DirectMethodHandle$Holder.invokeSpecial(java.lang.Object, java.lang.Object, java.lang.Object, java.lang.Object, long)'> (0x00000007065cf770) 
thrown [s\src\hotspot\share\interpreter\linkResolver.cpp, line 759]
Event: 4.792 Thread 0x00000270428e7b10 Exception <a 'java/lang/NoSuchMethodError'{0x00000007065d3150}: 'java.lang.Object java.lang.invoke.Invokers$Holder.linkToTargetMethod(java.lang.Object, java.lang.Object, long, java.lang.Object)'> (0x00000007065d3150) 
thrown [s\src\hotspot\share\interpreter\linkResolver.cpp, line 759]
Event: 9.629 Thread 0x000002707e60c070 Exception <a 'java/lang/NoSuchMethodError'{0x0000000707ddd920}: 'java.lang.Object java.lang.invoke.DirectMethodHandle$Holder.invokeStaticInit(java.lang.Object, int)'> (0x0000000707ddd920) 
thrown [s\src\hotspot\share\interpreter\linkResolver.cpp, line 759]
Event: 10.903 Thread 0x000002707e60ca90 Exception <a 'java/lang/NoSuchMethodError'{0x0000000713e208f0}: 'java.lang.Object java.lang.invoke.DirectMethodHandle$Holder.invokeVirtual(java.lang.Object, java.lang.Object, int)'> (0x0000000713e208f0) 
thrown [s\src\hotspot\share\interpreter\linkResolver.cpp, line 759]
Event: 10.922 Thread 0x00000270428e6be0 Exception <a 'java/lang/reflect/InvocationTargetException'{0x0000000713f856a0}> (0x0000000713f856a0) 
thrown [s\src\hotspot\share\runtime\reflection.cpp, line 1121]
Event: 10.938 Thread 0x00000270428e3430 Exception <a 'java/lang/NoSuchMethodError'{0x000000070c09bd78}: 'java.lang.Object java.lang.invoke.DirectMethodHandle$Holder.invokeVirtual(java.lang.Object, java.lang.Object, java.lang.Object, java.lang.Object, java.lang.Object)'> (0x000000070c09bd78) 
thrown [s\src\hotspot\share\interpreter\linkResolver.cpp, line 759]
Event: 10.948 Thread 0x00000270428e3430 Exception <a 'java/lang/NoSuchMethodError'{0x000000070c160cb0}: 'void java.lang.invoke.Invokers$Holder.invoke_MT(java.lang.Object, java.lang.Object, java.lang.Object, java.lang.Object)'> (0x000000070c160cb0) 
thrown [s\src\hotspot\share\interpreter\linkResolver.cpp, line 759]
Event: 10.956 Thread 0x000002707e60ca90 Implicit null exception at 0x00000270652a375a to 0x00000270652a3998
Event: 10.957 Thread 0x000002707e60ca90 Exception <a 'java/lang/NoSuchMethodError'{0x000000070be1d3c0}: 'int java.lang.invoke.DirectMethodHandle$Holder.invokeSpecial(java.lang.Object, java.lang.Object, java.lang.Object, int)'> (0x000000070be1d3c0) 
thrown [s\src\hotspot\share\interpreter\linkResolver.cpp, line 759]
Event: 10.959 Thread 0x000002707e60ca90 Exception <a 'java/lang/NoSuchMethodError'{0x000000070be2f508}: 'java.lang.Object java.lang.invoke.DirectMethodHandle$Holder.invokeStatic(java.lang.Object, java.lang.Object, java.lang.Object, java.lang.Object, int)'> (0x000000070be2f508) 
thrown [s\src\hotspot\share\interpreter\linkResolver.cpp, line 759]
Event: 10.961 Thread 0x000002707e60ca90 Exception <a 'java/lang/NoSuchMethodError'{0x000000070be39f38}: 'void java.lang.invoke.DelegatingMethodHandle$Holder.reinvoke_L(java.lang.Object, java.lang.Object, int)'> (0x000000070be39f38) 
thrown [s\src\hotspot\share\interpreter\linkResolver.cpp, line 759]
Event: 13.557 Thread 0x000002707e60d4b0 Exception <a 'java/lang/NoSuchMethodError'{0x00000007085d67b8}: 'java.lang.Object java.lang.invoke.DirectMethodHandle$Holder.invokeStatic(java.lang.Object, int, int)'> (0x00000007085d67b8) 
thrown [s\src\hotspot\share\interpreter\linkResolver.cpp, line 759]
Event: 13.557 Thread 0x000002707e60c070 Exception <a 'java/lang/reflect/InvocationTargetException'{0x00000007085ed198}> (0x00000007085ed198) 
thrown [s\src\hotspot\share\runtime\reflection.cpp, line 1121]
Event: 13.557 Thread 0x000002707e60ca90 Exception <a 'java/lang/reflect/InvocationTargetException'{0x000000070bfd07f8}> (0x000000070bfd07f8) 
thrown [s\src\hotspot\share\runtime\reflection.cpp, line 1121]
Event: 63.802 Thread 0x000002707e60e8f0 Exception <a 'java/lang/NoSuchMethodError'{0x0000000707e40fb8}: 'java.lang.Object java.lang.invoke.DirectMethodHandle$Holder.invokeSpecial(java.lang.Object, java.lang.Object, long, int, int, int, int, int, int, int, int, int)'> (0x0000000707e40fb8) 
thrown [s\src\hotspot\share\interpreter\linkResolver.cpp, line 759]
Event: 63.802 Thread 0x000002707e60e8f0 Exception <a 'java/lang/NoSuchMethodError'{0x0000000707e44c50}: 'java.lang.Object java.lang.invoke.DelegatingMethodHandle$Holder.reinvoke_L(java.lang.Object, long, int, int, int, int, int, int, int, int, int)'> (0x0000000707e44c50) 
thrown [s\src\hotspot\share\interpreter\linkResolver.cpp, line 759]
Event: 118.473 Thread 0x000002707e60ca90 Exception <a 'java/lang/reflect/InvocationTargetException'{0x0000000707fff108}> (0x0000000707fff108) 
thrown [s\src\hotspot\share\runtime\reflection.cpp, line 1121]
Event: 402.551 Thread 0x00000270428e57a0 Exception <a 'java/lang/reflect/InvocationTargetException'{0x0000000706eaaee0}> (0x0000000706eaaee0) 
thrown [s\src\hotspot\share\runtime\reflection.cpp, line 1121]
Event: 404.009 Thread 0x00000270428e1ae0 Implicit null exception at 0x000002706552f39a to 0x000002706552fde0

VM Operations (20 events):
Event: 465.356 Executing VM operation: Cleanup
Event: 465.357 Executing VM operation: Cleanup done
Event: 465.491 Executing VM operation: G1CollectForAllocation
Event: 465.493 Executing VM operation: G1CollectForAllocation done
Event: 467.120 Executing VM operation: G1CollectForAllocation
Event: 467.121 Executing VM operation: G1CollectForAllocation done
Event: 481.005 Executing VM operation: HandshakeAllThreads
Event: 481.005 Executing VM operation: HandshakeAllThreads done
Event: 499.087 Executing VM operation: G1CollectForAllocation
Event: 499.088 Executing VM operation: G1CollectForAllocation done
Event: 500.049 Executing VM operation: G1CollectForAllocation
Event: 500.050 Executing VM operation: G1CollectForAllocation done
Event: 500.962 Executing VM operation: G1CollectForAllocation
Event: 500.963 Executing VM operation: G1CollectForAllocation done
Event: 501.866 Executing VM operation: G1CollectForAllocation
Event: 501.866 Executing VM operation: G1CollectForAllocation done
Event: 502.756 Executing VM operation: G1CollectForAllocation
Event: 502.757 Executing VM operation: G1CollectForAllocation done
Event: 503.737 Executing VM operation: G1CollectForAllocation
Event: 503.738 Executing VM operation: G1CollectForAllocation done

Events (20 events):
Event: 431.693 Thread 0x0000027078a08750 flushing nmethod 0x000002705e909010
Event: 431.693 Thread 0x0000027078a08750 flushing nmethod 0x000002705e957010
Event: 431.693 Thread 0x0000027078a08750 flushing nmethod 0x000002705e976f10
Event: 431.693 Thread 0x0000027078a08750 flushing nmethod 0x000002705e977390
Event: 431.694 Thread 0x0000027078a08750 flushing nmethod 0x000002705e9a7b10
Event: 433.011 Thread 0x000002707eb3be90 Thread exited: 0x000002707eb3be90
Event: 433.523 Thread 0x000002707eb3be90 Thread added: 0x000002707eb3be90
Event: 434.212 Thread 0x000002707eb3be90 Thread exited: 0x000002707eb3be90
Event: 434.852 Thread 0x000002707eb38420 Thread exited: 0x000002707eb38420
Event: 435.309 Thread 0x000002707eb3a400 Thread added: 0x000002707eb3a400
Event: 440.764 Thread 0x000002707eb3a400 Thread exited: 0x000002707eb3a400
Event: 452.252 Thread 0x000002707eb3a400 Thread added: 0x000002707eb3a400
Event: 453.463 Thread 0x000002707eb3a400 Thread exited: 0x000002707eb3a400
Event: 454.242 Thread 0x0000027078a08750 flushing nmethod 0x000002705e4e7210
Event: 454.242 Thread 0x0000027078a08750 flushing nmethod 0x000002705e57cb10
Event: 454.242 Thread 0x0000027078a08750 flushing nmethod 0x000002705e62a910
Event: 454.243 Thread 0x0000027078a08750 flushing nmethod 0x000002705e6bb710
Event: 454.243 Thread 0x0000027078a08750 flushing nmethod 0x000002705e7dd490
Event: 455.658 Thread 0x000002707eb3c3e0 Thread added: 0x000002707eb3c3e0
Event: 455.914 Thread 0x000002707eb3c3e0 Thread exited: 0x000002707eb3c3e0


Dynamic libraries:
0x00007ff72b940000 - 0x00007ff72b94e000 	C:\Users\DELL\AppData\Local\Programs\Eclipse Adoptium\jdk-17.0.9.9-hotspot\bin\java.exe
0x00007ffb8e3d0000 - 0x00007ffb8e5e7000 	C:\Windows\SYSTEM32\ntdll.dll
0x00007ffb8c7b0000 - 0x00007ffb8c874000 	C:\Windows\System32\KERNEL32.DLL
0x00007ffb8bc90000 - 0x00007ffb8c047000 	C:\Windows\System32\KERNELBASE.dll
0x00007ffb8ba00000 - 0x00007ffb8bb11000 	C:\Windows\System32\ucrtbase.dll
0x00007ffb83c30000 - 0x00007ffb83c4b000 	C:\Users\DELL\AppData\Local\Programs\Eclipse Adoptium\jdk-17.0.9.9-hotspot\bin\VCRUNTIME140.dll
0x00007ffb7e3d0000 - 0x00007ffb7e3e7000 	C:\Users\DELL\AppData\Local\Programs\Eclipse Adoptium\jdk-17.0.9.9-hotspot\bin\jli.dll
0x00007ffb8cae0000 - 0x00007ffb8cc8f000 	C:\Windows\System32\USER32.dll
0x00007ffb78610000 - 0x00007ffb788a3000 	C:\Windows\WinSxS\amd64_microsoft.windows.common-controls_6595b64144ccf1df_6.0.22621.3672_none_2713b9d173822955\COMCTL32.dll
0x00007ffb8b7a0000 - 0x00007ffb8b7c6000 	C:\Windows\System32\win32u.dll
0x00007ffb8ca30000 - 0x00007ffb8cad7000 	C:\Windows\System32\msvcrt.dll
0x00007ffb8e360000 - 0x00007ffb8e389000 	C:\Windows\System32\GDI32.dll
0x00007ffb8b7d0000 - 0x00007ffb8b8e8000 	C:\Windows\System32\gdi32full.dll
0x00007ffb8b960000 - 0x00007ffb8b9fa000 	C:\Windows\System32\msvcp_win.dll
0x00007ffb8c110000 - 0x00007ffb8c141000 	C:\Windows\System32\IMM32.DLL
0x00007ffb7c450000 - 0x00007ffb7c45c000 	C:\Users\DELL\AppData\Local\Programs\Eclipse Adoptium\jdk-17.0.9.9-hotspot\bin\vcruntime140_1.dll
0x00007ffb7b3f0000 - 0x00007ffb7b47d000 	C:\Users\DELL\AppData\Local\Programs\Eclipse Adoptium\jdk-17.0.9.9-hotspot\bin\msvcp140.dll
0x00007ffb4dc40000 - 0x00007ffb4e8a1000 	C:\Users\DELL\AppData\Local\Programs\Eclipse Adoptium\jdk-17.0.9.9-hotspot\bin\server\jvm.dll
0x00007ffb8dc60000 - 0x00007ffb8dd12000 	C:\Windows\System32\ADVAPI32.dll
0x00007ffb8dbb0000 - 0x00007ffb8dc58000 	C:\Windows\System32\sechost.dll
0x00007ffb8c0d0000 - 0x00007ffb8c0f8000 	C:\Windows\System32\bcrypt.dll
0x00007ffb8cc90000 - 0x00007ffb8cda4000 	C:\Windows\System32\RPCRT4.dll
0x00007ffb8b400000 - 0x00007ffb8b44d000 	C:\Windows\SYSTEM32\POWRPROF.dll
0x00007ffb6dcd0000 - 0x00007ffb6dcd9000 	C:\Windows\SYSTEM32\WSOCK32.dll
0x00007ffb8c470000 - 0x00007ffb8c4e1000 	C:\Windows\System32\WS2_32.dll
0x00007ffb84280000 - 0x00007ffb8428a000 	C:\Windows\SYSTEM32\VERSION.dll
0x00007ffb86850000 - 0x00007ffb86884000 	C:\Windows\SYSTEM32\WINMM.dll
0x00007ffb8b3e0000 - 0x00007ffb8b3f3000 	C:\Windows\SYSTEM32\UMPDC.dll
0x00007ffb8a6f0000 - 0x00007ffb8a708000 	C:\Windows\SYSTEM32\kernel.appcore.dll
0x00007ffb7c440000 - 0x00007ffb7c44a000 	C:\Users\DELL\AppData\Local\Programs\Eclipse Adoptium\jdk-17.0.9.9-hotspot\bin\jimage.dll
0x00007ffb88f70000 - 0x00007ffb891a2000 	C:\Windows\SYSTEM32\DBGHELP.DLL
0x00007ffb8dee0000 - 0x00007ffb8e26e000 	C:\Windows\System32\combase.dll
0x00007ffb8c1d0000 - 0x00007ffb8c2a7000 	C:\Windows\System32\OLEAUT32.dll
0x00007ffb788d0000 - 0x00007ffb78902000 	C:\Windows\SYSTEM32\dbgcore.DLL
0x00007ffb8c050000 - 0x00007ffb8c0cb000 	C:\Windows\System32\bcryptPrimitives.dll
0x00007ffb7c380000 - 0x00007ffb7c3a5000 	C:\Users\DELL\AppData\Local\Programs\Eclipse Adoptium\jdk-17.0.9.9-hotspot\bin\java.dll
0x00007ffb72a30000 - 0x00007ffb72b07000 	C:\Users\DELL\AppData\Local\Programs\Eclipse Adoptium\jdk-17.0.9.9-hotspot\bin\jsvml.dll
0x00007ffb8cdb0000 - 0x00007ffb8d619000 	C:\Windows\System32\SHELL32.dll
0x00007ffb89600000 - 0x00007ffb89eff000 	C:\Windows\SYSTEM32\windows.storage.dll
0x00007ffb894c0000 - 0x00007ffb895ff000 	C:\Windows\SYSTEM32\wintypes.dll
0x00007ffb8c6b0000 - 0x00007ffb8c7a9000 	C:\Windows\System32\SHCORE.dll
0x00007ffb8c150000 - 0x00007ffb8c1ae000 	C:\Windows\System32\shlwapi.dll
0x00007ffb8b610000 - 0x00007ffb8b637000 	C:\Windows\SYSTEM32\profapi.dll
0x00007ffb7b870000 - 0x00007ffb7b889000 	C:\Users\DELL\AppData\Local\Programs\Eclipse Adoptium\jdk-17.0.9.9-hotspot\bin\net.dll
0x00007ffb87890000 - 0x00007ffb879c6000 	C:\Windows\SYSTEM32\WINHTTP.dll
0x00007ffb8ab50000 - 0x00007ffb8abb9000 	C:\Windows\system32\mswsock.dll
0x00007ffb7b5b0000 - 0x00007ffb7b5c6000 	C:\Users\DELL\AppData\Local\Programs\Eclipse Adoptium\jdk-17.0.9.9-hotspot\bin\nio.dll
0x00007ffb7b590000 - 0x00007ffb7b5a8000 	C:\Users\DELL\AppData\Local\Programs\Eclipse Adoptium\jdk-17.0.9.9-hotspot\bin\zip.dll
0x00007ffb7c240000 - 0x00007ffb7c250000 	C:\Users\DELL\AppData\Local\Programs\Eclipse Adoptium\jdk-17.0.9.9-hotspot\bin\verify.dll
0x00007ffb7b560000 - 0x00007ffb7b56e000 	C:\Users\DELL\AppData\Local\Programs\Eclipse Adoptium\jdk-17.0.9.9-hotspot\bin\sunmscapi.dll
0x00007ffb8bb20000 - 0x00007ffb8bc86000 	C:\Windows\System32\CRYPT32.dll
0x00007ffb8af90000 - 0x00007ffb8afbd000 	C:\Windows\SYSTEM32\ncrypt.dll
0x00007ffb8af50000 - 0x00007ffb8af87000 	C:\Windows\SYSTEM32\NTASN1.dll
0x00007ffb8aea0000 - 0x00007ffb8aebb000 	C:\Windows\SYSTEM32\CRYPTSP.dll
0x00007ffb8a650000 - 0x00007ffb8a685000 	C:\Windows\system32\rsaenh.dll
0x00007ffb8abf0000 - 0x00007ffb8ac18000 	C:\Windows\SYSTEM32\USERENV.dll
0x00007ffb8ae80000 - 0x00007ffb8ae8c000 	C:\Windows\SYSTEM32\CRYPTBASE.dll
0x00007ffb8a150000 - 0x00007ffb8a17d000 	C:\Windows\SYSTEM32\IPHLPAPI.DLL
0x00007ffb8ded0000 - 0x00007ffb8ded9000 	C:\Windows\System32\NSI.dll
0x00007ffb87720000 - 0x00007ffb87739000 	C:\Windows\SYSTEM32\dhcpcsvc6.DLL
0x00007ffb87700000 - 0x00007ffb8771f000 	C:\Windows\SYSTEM32\dhcpcsvc.DLL
0x00007ffb8a180000 - 0x00007ffb8a282000 	C:\Windows\SYSTEM32\DNSAPI.dll
0x00007ffb7b550000 - 0x00007ffb7b559000 	C:\Users\DELL\AppData\Local\Programs\Eclipse Adoptium\jdk-17.0.9.9-hotspot\bin\management.dll
0x00007ffb7b540000 - 0x00007ffb7b54b000 	C:\Users\DELL\AppData\Local\Programs\Eclipse Adoptium\jdk-17.0.9.9-hotspot\bin\management_ext.dll
0x00007ffb8e2d0000 - 0x00007ffb8e2d8000 	C:\Windows\System32\PSAPI.DLL
0x00007ffb84250000 - 0x00007ffb8425a000 	C:\Windows\System32\rasadhlp.dll
0x00007ffb84120000 - 0x00007ffb841a3000 	C:\Windows\System32\fwpuclnt.dll
0x00007ffb6e0c0000 - 0x00007ffb6e0c8000 	C:\Windows\system32\wshunix.dll

dbghelp: loaded successfully - version: 4.0.5 - missing functions: none
symbol engine: initialized successfully - sym options: 0x614 - pdb path: .;C:\Users\DELL\AppData\Local\Programs\Eclipse Adoptium\jdk-17.0.9.9-hotspot\bin;C:\Windows\SYSTEM32;C:\Windows\WinSxS\amd64_microsoft.windows.common-controls_6595b64144ccf1df_6.0.22621.3672_none_2713b9d173822955;C:\Users\DELL\AppData\Local\Programs\Eclipse Adoptium\jdk-17.0.9.9-hotspot\bin\server

VM Arguments:
jvm_args: -XX:+ShowCodeDetailsInExceptionMessages 
java_command: com.wsserver.pbl4.Pbl4Application
java_class_path (initial): D:\pbl4-be\build\resources\main;D:\pbl4-be\build\classes\java\main;C:\Users\DELL\.gradle\caches\modules-2\files-2.1\org.apache.httpcomponents\httpclient\4.5.13\e5f6cae5ca7ecaac1ec2827a9e2d65ae2869cada\httpclient-4.5.13.jar;C:\Users\DELL\.gradle\caches\modules-2\files-2.1\org.mongodb\bson\4.11.4\3021cabd8b0d7fdbf8a841bdac17e5ab0d81fe5c\bson-4.11.4.jar;C:\Users\DELL\.gradle\caches\modules-2\files-2.1\org.slf4j\jul-to-slf4j\2.0.16\6d57da3e961daac65bcca0dd3def6cd11e48a24a\jul-to-slf4j-2.0.16.jar;C:\Users\DELL\.gradle\caches\modules-2\files-2.1\org.springframework\spring-websocket\6.1.14\bb2335356845bf703234fea83fcfa032b759c99\spring-websocket-6.1.14.jar;C:\Users\DELL\.gradle\caches\modules-2\files-2.1\commons-logging\commons-logging\1.2\4bfc12adfe4842bf07b657f0369c4cb522955686\commons-logging-1.2.jar;C:\Users\DELL\.gradle\caches\modules-2\files-2.1\org.springframework.boot\spring-boot-autoconfigure\3.2.11-SNAPSHOT\9719764eb83fdd234005be1383121f0ec227b6c6\spring-boot-autoconfigure-3.2.11-SNAPSHOT.jar;C:\Users\DELL\.gradle\caches\modules-2\files-2.1\org.springframework\spring-expression\6.1.14\495646d4968fb90aa97bc05a7d298d0c32898a1d\spring-expression-6.1.14.jar;C:\Users\DELL\.gradle\caches\modules-2\files-2.1\org.springframework\spring-aop\6.1.14\3d5002d4c415c1ff4720f214c804d3d7e7d10111\spring-aop-6.1.14.jar;C:\Users\DELL\.gradle\caches\modules-2\files-2.1\ch.qos.logback\logback-core\1.4.14\4d3c2248219ac0effeb380ed4c5280a80bf395e8\logback-core-1.4.14.jar;C:\Users\DELL\.gradle\caches\modules-2\files-2.1\ch.qos.logback\logback-classic\1.4.14\d98bc162275134cdf1518774da4a2a17ef6fb94d\logback-classic-1.4.14.jar;C:\Users\DELL\.gradle\caches\modules-2\files-2.1\com.fasterxml.jackson.module\jackson-module-parameter-names\2.15.4\e654497a08359db2521b69b5f710e00836915d8c\jackson-module-parameter-names-2.15.4.jar;C:\Users\DELL\.gradle\caches\modules-2\files-2.1\com.fasterxml.jackson.core\jackson-core\2.15.4\aebe84b45360debad94f692a4074c6aceb535fa0\jackso
Launcher Type: SUN_STANDARD

[Global flags]
     intx CICompilerCount                          = 4                                         {product} {ergonomic}
     uint ConcGCThreads                            = 2                                         {product} {ergonomic}
     uint G1ConcRefinementThreads                  = 8                                         {product} {ergonomic}
   size_t G1HeapRegionSize                         = 2097152                                   {product} {ergonomic}
    uintx GCDrainStackTargetSize                   = 64                                        {product} {ergonomic}
   size_t InitialHeapSize                          = 264241152                                 {product} {ergonomic}
   size_t MarkStackSize                            = 4194304                                   {product} {ergonomic}
   size_t MaxHeapSize                              = 4223664128                                {product} {ergonomic}
   size_t MaxNewSize                               = 2533359616                                {product} {ergonomic}
   size_t MinHeapDeltaBytes                        = 2097152                                   {product} {ergonomic}
   size_t MinHeapSize                              = 8388608                                   {product} {ergonomic}
    uintx NonNMethodCodeHeapSize                   = 5839372                                {pd product} {ergonomic}
    uintx NonProfiledCodeHeapSize                  = 122909434                              {pd product} {ergonomic}
    uintx ProfiledCodeHeapSize                     = 122909434                              {pd product} {ergonomic}
    uintx ReservedCodeCacheSize                    = 251658240                              {pd product} {ergonomic}
     bool SegmentedCodeCache                       = true                                      {product} {ergonomic}
     bool ShowCodeDetailsInExceptionMessages       = true                                   {manageable} {command line}
   size_t SoftMaxHeapSize                          = 4223664128                             {manageable} {ergonomic}
     bool UseCompressedClassPointers               = true                           {product lp64_product} {ergonomic}
     bool UseCompressedOops                        = true                           {product lp64_product} {ergonomic}
     bool UseG1GC                                  = true                                      {product} {ergonomic}
     bool UseLargePagesIndividualAllocation        = false                                  {pd product} {ergonomic}

Logging:
Log output configuration:
 #0: stdout all=warning uptime,level,tags
 #1: stderr all=off uptime,level,tags

Environment Variables:
JAVA_HOME=C:\Program Files\Eclipse Adoptium\jdk-21.0.4.7-hotspot
PATH=D:\dtdm\bin\;C:\Program Files\Eclipse Adoptium\jdk-21.0.4.7-hotspot\bin;C:\Windows\system32;C:\Windows;C:\Windows\System32\Wbem;C:\Windows\System32\WindowsPowerShell\v1.0\;C:\Windows\System32\OpenSSH\;C:\TDM-GCC-64\bin;C:\Program Files\dotnet\;C:\Program Files\Microsoft SQL Server\Client SDK\ODBC\170\Tools\Binn\;C:\Program Files\Azure Data Studio\bin;C:\Program Files\Git\cmd;C:\Program Files (x86)\Windows Kits\10\Windows Performance Toolkit\;C:\Program Files\nodejs\;D:\apache-maven-3.9.9\bin;;C:\Program Files\Docker\Docker\resources\bin;C:\Users\DELL\AppData\Local\Programs\Eclipse Adoptium\jdk-17.0.9.9-hotspot\bin;C:\msys64\mingw64\bin;C:\Users\DELL\AppData\Local\Programs\Microsoft VS Code\bin;C:\Users\DELL\.dotnet\tools;C:\Program Files\Azure Data Studio\bin;C:\Users\DELL\AppData\Roaming\npm;D:\apache-maven-3.9.9\bin;
USERNAME=DELL
LANG=en_US.UTF-8
OS=Windows_NT
PROCESSOR_IDENTIFIER=Intel64 Family 6 Model 140 Stepping 1, GenuineIntel
TMP=C:\Users\DELL\AppData\Local\Temp
TEMP=C:\Users\DELL\AppData\Local\Temp



Periodic native trim disabled


---------------  S Y S T E M  ---------------

OS:
 Windows 11 , 64 bit Build 22621 (10.0.22621.3958)
OS uptime: 6 days 8:02 hours
Hyper-V role detected

CPU: total 8 (initial active 8) (4 cores per cpu, 2 threads per core) family 6 model 140 stepping 1 microcode 0xb8, cx8, cmov, fxsr, ht, mmx, 3dnowpref, sse, sse2, sse3, ssse3, sse4.1, sse4.2, popcnt, lzcnt, tsc, tscinvbit, avx, avx2, aes, erms, clmul, bmi1, bmi2, adx, avx512f, avx512dq, avx512cd, avx512bw, avx512vl, sha, fma, vzeroupper, avx512_vpopcntdq, avx512_vpclmulqdq, avx512_vaes, avx512_vnni, clflush, clflushopt, clwb, avx512_vbmi2, avx512_vbmi, hv
Processor Information for processor 0
  Max Mhz: 1382, Current Mhz: 1382, Mhz Limit: 1382
Processor Information for processor 1
  Max Mhz: 1382, Current Mhz: 1382, Mhz Limit: 1382
Processor Information for processor 2
  Max Mhz: 1382, Current Mhz: 1382, Mhz Limit: 1382
Processor Information for processor 3
  Max Mhz: 1382, Current Mhz: 1382, Mhz Limit: 1382
Processor Information for processor 4
  Max Mhz: 1382, Current Mhz: 1184, Mhz Limit: 1382
Processor Information for processor 5
  Max Mhz: 1382, Current Mhz: 1382, Mhz Limit: 1382
Processor Information for processor 6
  Max Mhz: 1382, Current Mhz: 1382, Mhz Limit: 1382
Processor Information for processor 7
  Max Mhz: 1382, Current Mhz: 1382, Mhz Limit: 1382

Memory: 4k page, system-wide physical 16106M (2769M free)
TotalPageFile size 45187M (AvailPageFile size 3M)
current process WorkingSet (physical memory assigned to process): 240M, peak: 267M
current process commit charge ("private bytes"): 277M, peak: 411M

vm_info: OpenJDK 64-Bit Server VM (17.0.9+9) for windows-amd64 JRE (17.0.9+9), built on Oct 26 2023 14:01:42 by "admin" with MS VC++ 16.10 / 16.11 (VS2019)

END.
